<?xml version="1.0" encoding="UTF-8"?>
<!-- Generated by org.testng.reporters.JUnitReportReporter -->
<testsuite skipped="0" hostname="USER-PC" name="com.TestCases.TC_02" tests="1" failures="0" timestamp="24 Jul 2018 03:26:37 GMT" time="6.204" errors="0">
  <testcase name="validation" time="6.204" classname="com.TestCases.TC_02"/>
</testsuite> <!-- com.TestCases.TC_02 -->
