<?xml version="1.0" encoding="UTF-8"?>
<!-- Generated by org.testng.reporters.JUnitReportReporter -->
<testsuite skipped="0" hostname="USER-PC" name="com.TestCases.TC_05_Link_Validations" tests="1" failures="0" timestamp="24 Jul 2018 05:19:37 GMT" time="22.652" errors="0">
  <testcase name="Links_check" time="22.652" classname="com.TestCases.TC_05_Link_Validations"/>
</testsuite> <!-- com.TestCases.TC_05_Link_Validations -->
