<?xml version="1.0" encoding="UTF-8"?>
<!-- Generated by org.testng.reporters.JUnitReportReporter -->
<testsuite skipped="0" hostname="USER-PC" name="com.TestCases.TC_03_Titles_Labels_Validation" tests="1" failures="0" timestamp="20 Jul 2018 07:25:53 GMT" time="14.536" errors="0">
  <testcase name="Header" time="14.536" classname="com.TestCases.TC_03_Titles_Labels_Validation"/>
</testsuite> <!-- com.TestCases.TC_03_Titles_Labels_Validation -->
