<?xml version="1.0" encoding="UTF-8"?>
<!-- Generated by org.testng.reporters.JUnitReportReporter -->
<testsuite skipped="0" hostname="USER-PC" name="com.TestCases.Validate_Email" tests="1" failures="0" timestamp="18 Jul 2018 07:03:05 GMT" time="14.461" errors="0">
  <testcase name="validation" time="14.461" classname="com.TestCases.Validate_Email"/>
</testsuite> <!-- com.TestCases.Validate_Email -->
