<?xml version="1.0" encoding="UTF-8"?>
<!-- Generated by org.testng.reporters.JUnitReportReporter -->
<testsuite skipped="0" hostname="USER-PC" name="com.TestCases.TC_01_Launch_Application" tests="1" failures="0" timestamp="18 Jul 2018 04:32:46 GMT" time="10.644" errors="0">
  <testcase name="launchapplication" time="10.644" classname="com.TestCases.TC_01_Launch_Application"/>
</testsuite> <!-- com.TestCases.TC_01_Launch_Application -->
