<?xml version="1.0" encoding="UTF-8"?>
<!-- Generated by org.testng.reporters.JUnitReportReporter -->
<testsuite skipped="0" hostname="USER-PC" name="com.TestCases.TC04_New_Registration" tests="1" failures="0" timestamp="23 Jul 2018 05:10:25 GMT" time="17.071" errors="0">
  <testcase name="User_Reg" time="17.071" classname="com.TestCases.TC04_New_Registration"/>
</testsuite> <!-- com.TestCases.TC04_New_Registration -->
