<?xml version="1.0" encoding="UTF-8"?>
<!-- Generated by org.testng.reporters.JUnitReportReporter -->
<testsuite skipped="0" hostname="USER-PC" name="com.TestCases.Validate_Headers_Titles" tests="1" failures="0" timestamp="19 Jul 2018 06:50:09 GMT" time="13.584" errors="0">
  <testcase name="Header" time="13.584" classname="com.TestCases.Validate_Headers_Titles"/>
</testsuite> <!-- com.TestCases.Validate_Headers_Titles -->
